2014-07-03 17:06:07.048 VisitaGanadora[55775:70b] Multi-tasking -> Device: YES, App: YES
2014-07-03 17:06:07.081 VisitaGanadora[55775:70b] Unlimited access to network resources
2014-07-03 17:06:07.087 VisitaGanadora[55775:70b] 

Started backup to iCloud! Please be careful.
Your application might rejected by Apple if you store too much data.
For more information please read "iOS Data Storage Guidelines"
You could find it at the following address https://developer.apple.com/icloud/documentation/data-storage/ .

2014-07-03 17:07:06.532 VisitaGanadora[55775:70b] Resetting plugins due to page load.
2014-07-03 17:07:06.656 VisitaGanadora[55775:70b] Finished load of: file:///Users/rodrigo/Library/Application%20Support/iPhone%20Simulator/7.1/Applications/CE409809-0DD1-485A-828C-B5B2011CA413/VisitaGanadora.app/www/index.html
2014-07-03 17:14:06.643 VisitaGanadora[56013:70b] Multi-tasking -> Device: YES, App: YES
2014-07-03 17:14:06.656 VisitaGanadora[56013:70b] Unlimited access to network resources
2014-07-03 17:14:06.661 VisitaGanadora[56013:70b] 

Started backup to iCloud! Please be careful.
Your application might rejected by Apple if you store too much data.
For more information please read "iOS Data Storage Guidelines"
You could find it at the following address https://developer.apple.com/icloud/documentation/data-storage/ .

2014-07-03 17:14:06.707 VisitaGanadora[56013:70b] [CDVTimer][splashscreen] 20.823002ms
2014-07-03 17:14:06.708 VisitaGanadora[56013:70b] [CDVTimer][TotalPluginStartup] 21.902978ms
2014-07-03 17:14:06.899 VisitaGanadora[56013:70b] Resetting plugins due to page load.
2014-07-03 17:14:07.054 VisitaGanadora[56013:70b] Finished load of: file:///Users/rodrigo/Library/Application%20Support/iPhone%20Simulator/7.1/Applications/CE409809-0DD1-485A-828C-B5B2011CA413/VisitaGanadora.app/www/index.html
2014-07-03 17:14:54.487 VisitaGanadora[56134:70b] Multi-tasking -> Device: YES, App: YES
2014-07-03 17:14:54.502 VisitaGanadora[56134:70b] Unlimited access to network resources
2014-07-03 17:14:54.506 VisitaGanadora[56134:70b] 

Started backup to iCloud! Please be careful.
Your application might rejected by Apple if you store too much data.
For more information please read "iOS Data Storage Guidelines"
You could find it at the following address https://developer.apple.com/icloud/documentation/data-storage/ .

2014-07-03 17:14:54.538 VisitaGanadora[56134:70b] [CDVTimer][splashscreen] 10.564983ms
2014-07-03 17:14:54.539 VisitaGanadora[56134:70b] [CDVTimer][TotalPluginStartup] 11.157990ms
2014-07-03 17:14:54.688 VisitaGanadora[56134:70b] Resetting plugins due to page load.
2014-07-03 17:14:54.898 VisitaGanadora[56134:70b] Finished load of: file:///Users/rodrigo/Library/Application%20Support/iPhone%20Simulator/7.1/Applications/CE409809-0DD1-485A-828C-B5B2011CA413/VisitaGanadora.app/www/index.html
2014-07-03 17:15:34.526 VisitaGanadora[56256:70b] Multi-tasking -> Device: YES, App: YES
2014-07-03 17:15:34.547 VisitaGanadora[56256:70b] Unlimited access to network resources
2014-07-03 17:15:34.560 VisitaGanadora[56256:70b] 

Started backup to iCloud! Please be careful.
Your application might rejected by Apple if you store too much data.
For more information please read "iOS Data Storage Guidelines"
You could find it at the following address https://developer.apple.com/icloud/documentation/data-storage/ .

2014-07-03 17:15:34.623 VisitaGanadora[56256:70b] [CDVTimer][splashscreen] 13.579011ms
2014-07-03 17:15:34.629 VisitaGanadora[56256:70b] [CDVTimer][TotalPluginStartup] 19.887984ms
2014-07-03 17:15:34.846 VisitaGanadora[56256:70b] Resetting plugins due to page load.
2014-07-03 17:15:34.973 VisitaGanadora[56256:70b] Finished load of: file:///Users/rodrigo/Library/Application%20Support/iPhone%20Simulator/7.1/Applications/CE409809-0DD1-485A-828C-B5B2011CA413/VisitaGanadora.app/www/index.html
2014-07-03 17:20:03.751 VisitaGanadora[56469:70b] Multi-tasking -> Device: YES, App: YES
2014-07-03 17:20:03.762 VisitaGanadora[56469:70b] Unlimited access to network resources
2014-07-03 17:20:03.765 VisitaGanadora[56469:70b] 

Started backup to iCloud! Please be careful.
Your application might rejected by Apple if you store too much data.
For more information please read "iOS Data Storage Guidelines"
You could find it at the following address https://developer.apple.com/icloud/documentation/data-storage/ .

2014-07-03 17:20:03.794 VisitaGanadora[56469:70b] [CDVTimer][splashscreen] 10.300994ms
2014-07-03 17:20:03.794 VisitaGanadora[56469:70b] [CDVTimer][TotalPluginStartup] 11.227012ms
2014-07-03 17:20:03.948 VisitaGanadora[56469:70b] Resetting plugins due to page load.
2014-07-03 17:20:04.097 VisitaGanadora[56469:70b] Finished load of: file:///Users/rodrigo/Library/Application%20Support/iPhone%20Simulator/7.1/Applications/CE409809-0DD1-485A-828C-B5B2011CA413/VisitaGanadora.app/www/index.html
2014-07-03 17:21:13.434 VisitaGanadora[56614:70b] Multi-tasking -> Device: YES, App: YES
2014-07-03 17:21:13.447 VisitaGanadora[56614:70b] Unlimited access to network resources
2014-07-03 17:21:13.450 VisitaGanadora[56614:70b] 

Started backup to iCloud! Please be careful.
Your application might rejected by Apple if you store too much data.
For more information please read "iOS Data Storage Guidelines"
You could find it at the following address https://developer.apple.com/icloud/documentation/data-storage/ .

2014-07-03 17:21:13.481 VisitaGanadora[56614:70b] [CDVTimer][splashscreen] 10.443985ms
2014-07-03 17:21:13.482 VisitaGanadora[56614:70b] [CDVTimer][TotalPluginStartup] 11.043012ms
2014-07-03 17:21:13.709 VisitaGanadora[56614:70b] Resetting plugins due to page load.
2014-07-03 17:21:13.828 VisitaGanadora[56614:70b] Finished load of: file:///Users/rodrigo/Library/Application%20Support/iPhone%20Simulator/7.1/Applications/CE409809-0DD1-485A-828C-B5B2011CA413/VisitaGanadora.app/www/index.html
Terminating in response to SpringBoard's termination.
2014-07-03 17:25:36.785 VisitaGanadora[56847:70b] Multi-tasking -> Device: YES, App: YES
2014-07-03 17:25:36.799 VisitaGanadora[56847:70b] Unlimited access to network resources
2014-07-03 17:25:36.802 VisitaGanadora[56847:70b] 

Started backup to iCloud! Please be careful.
Your application might rejected by Apple if you store too much data.
For more information please read "iOS Data Storage Guidelines"
You could find it at the following address https://developer.apple.com/icloud/documentation/data-storage/ .

2014-07-03 17:25:36.836 VisitaGanadora[56847:70b] [CDVTimer][splashscreen] 11.591017ms
2014-07-03 17:25:36.836 VisitaGanadora[56847:70b] [CDVTimer][TotalPluginStartup] 12.169003ms
2014-07-03 17:25:37.017 VisitaGanadora[56847:70b] Resetting plugins due to page load.
2014-07-03 17:25:37.170 VisitaGanadora[56847:70b] Finished load of: file:///Users/rodrigo/Library/Application%20Support/iPhone%20Simulator/7.1/Applications/CE409809-0DD1-485A-828C-B5B2011CA413/VisitaGanadora.app/www/index.html
